2025-05-30T09:38:19.941+09:00  INFO 2704 --- [t8.backend] [main] com.t8.backend.t8.backend.Application    : Starting Application using Java 17.0.2 with PID 2704 (C:\mybackend\Backend_T8\target\classes started by user in C:\mybackend\Backend_T8)
2025-05-30T09:38:19.985+09:00  INFO 2704 --- [t8.backend] [main] com.t8.backend.t8.backend.Application    : No active profile set, falling back to 1 default profile: "default"
2025-05-30T09:38:22.743+09:00  INFO 2704 --- [t8.backend] [main] .s.d.r.c.RepositoryConfigurationDelegate : Bootstrapping Spring Data JPA repositories in DEFAULT mode.
2025-05-30T09:38:22.967+09:00  INFO 2704 --- [t8.backend] [main] .s.d.r.c.RepositoryConfigurationDelegate : Finished Spring Data repository scanning in 206 ms. Found 6 JPA repository interfaces.
2025-05-30T09:38:25.887+09:00  INFO 2704 --- [t8.backend] [main] o.s.b.w.embedded.tomcat.TomcatWebServer  : Tomcat initialized with port 8080 (http)
2025-05-30T09:38:25.936+09:00  INFO 2704 --- [t8.backend] [main] o.apache.catalina.core.StandardService   : Starting service [Tomcat]
2025-05-30T09:38:25.936+09:00  INFO 2704 --- [t8.backend] [main] o.apache.catalina.core.StandardEngine    : Starting Servlet engine: [Apache Tomcat/10.1.41]
2025-05-30T09:38:26.128+09:00  INFO 2704 --- [t8.backend] [main] o.a.c.c.C.[Tomcat].[localhost].[/]       : Initializing Spring embedded WebApplicationContext
2025-05-30T09:38:26.130+09:00  INFO 2704 --- [t8.backend] [main] w.s.c.ServletWebServerApplicationContext : Root WebApplicationContext: initialization completed in 5956 ms
2025-05-30T09:38:26.814+09:00  INFO 2704 --- [t8.backend] [main] com.zaxxer.hikari.HikariDataSource       : HikariPool-1 - Starting...
2025-05-30T09:38:27.715+09:00  INFO 2704 --- [t8.backend] [main] com.zaxxer.hikari.pool.HikariPool        : HikariPool-1 - Added connection conn0: url=jdbc:h2:mem:97c1ae1f-c1f8-4f0b-99a6-48f18c8a6701 user=SA
2025-05-30T09:38:27.740+09:00  INFO 2704 --- [t8.backend] [main] com.zaxxer.hikari.HikariDataSource       : HikariPool-1 - Start completed.
2025-05-30T09:38:28.074+09:00  INFO 2704 --- [t8.backend] [main] o.hibernate.jpa.internal.util.LogHelper  : HHH000204: Processing PersistenceUnitInfo [name: default]
2025-05-30T09:38:28.258+09:00  INFO 2704 --- [t8.backend] [main] org.hibernate.Version                    : HHH000412: Hibernate ORM core version 6.5.3.Final
2025-05-30T09:38:28.350+09:00  INFO 2704 --- [t8.backend] [main] o.h.c.internal.RegionFactoryInitiator    : HHH000026: Second-level cache disabled
2025-05-30T09:38:29.395+09:00  INFO 2704 --- [t8.backend] [main] o.s.o.j.p.SpringPersistenceUnitInfo      : No LoadTimeWeaver setup: ignoring JPA class transformer
2025-05-30T09:38:32.256+09:00  INFO 2704 --- [t8.backend] [main] o.h.e.t.j.p.i.JtaPlatformInitiator       : HHH000489: No JTA platform available (set 'hibernate.transaction.jta.platform' to enable JTA platform integration)
2025-05-30T09:38:32.410+09:00  INFO 2704 --- [t8.backend] [main] j.LocalContainerEntityManagerFactoryBean : Initialized JPA EntityManagerFactory for persistence unit 'default'
2025-05-30T09:38:33.949+09:00  WARN 2704 --- [t8.backend] [main] JpaBaseConfiguration$JpaWebConfiguration : spring.jpa.open-in-view is enabled by default. Therefore, database queries may be performed during view rendering. Explicitly configure spring.jpa.open-in-view to disable this warning
2025-05-30T09:38:35.873+09:00  INFO 2704 --- [t8.backend] [main] o.s.b.w.embedded.tomcat.TomcatWebServer  : Tomcat started on port 8080 (http) with context path '/'
2025-05-30T09:38:35.929+09:00  INFO 2704 --- [t8.backend] [main] com.t8.backend.t8.backend.Application    : Started Application in 17.311 seconds (process running for 21.131)
2025-05-30T09:38:36.193+09:00  INFO 2704 --- [t8.backend] [http-nio-8080-exec-1] o.a.c.c.C.[Tomcat].[localhost].[/]       : Initializing Spring DispatcherServlet 'dispatcherServlet'
2025-05-30T09:38:36.195+09:00  INFO 2704 --- [t8.backend] [http-nio-8080-exec-1] o.s.web.servlet.DispatcherServlet        : Initializing Servlet 'dispatcherServlet'
2025-05-30T09:38:36.198+09:00  INFO 2704 --- [t8.backend] [http-nio-8080-exec-1] o.s.web.servlet.DispatcherServlet        : Completed initialization in 3 ms
2025-05-30T09:38:36.243+09:00  WARN 2704 --- [t8.backend] [http-nio-8080-exec-1] o.s.web.servlet.PageNotFound             : No mapping for GET /api/waitings/current
2025-05-30T09:38:36.264+09:00  WARN 2704 --- [t8.backend] [http-nio-8080-exec-1] o.s.web.servlet.PageNotFound             : No endpoint GET /api/waitings/current.
2025-05-30T09:38:40.112+09:00  WARN 2704 --- [t8.backend] [http-nio-8080-exec-2] o.s.web.servlet.PageNotFound             : No mapping for GET /api/waitings/current
2025-05-30T09:38:40.113+09:00  WARN 2704 --- [t8.backend] [http-nio-8080-exec-2] o.s.web.servlet.PageNotFound             : No endpoint GET /api/waitings/current.
2025-05-30T09:38:59.365+09:00  WARN 2704 --- [t8.backend] [http-nio-8080-exec-3] o.s.web.servlet.PageNotFound             : No mapping for GET /api/waitings/current
2025-05-30T09:38:59.365+09:00  WARN 2704 --- [t8.backend] [http-nio-8080-exec-3] o.s.web.servlet.PageNotFound             : No endpoint GET /api/waitings/current.
2025-05-30T09:39:01.184+09:00  WARN 2704 --- [t8.backend] [http-nio-8080-exec-4] o.s.web.servlet.PageNotFound             : No mapping for OPTIONS /api/waitings
2025-05-30T09:39:01.186+09:00  WARN 2704 --- [t8.backend] [http-nio-8080-exec-4] o.s.web.servlet.PageNotFound             : No endpoint OPTIONS /api/waitings.
2025-05-30T09:53:55.229+09:00  WARN 2704 --- [t8.backend] [http-nio-8080-exec-7] o.s.web.servlet.PageNotFound             : No mapping for GET /api/books
2025-05-30T09:53:55.232+09:00  WARN 2704 --- [t8.backend] [http-nio-8080-exec-7] o.s.web.servlet.PageNotFound             : No endpoint GET /api/books.
2025-05-30T09:56:13.308+09:00  WARN 2704 --- [t8.backend] [http-nio-8080-exec-9] o.s.web.servlet.PageNotFound             : No mapping for OPTIONS /api/books
2025-05-30T09:56:13.309+09:00  WARN 2704 --- [t8.backend] [http-nio-8080-exec-9] o.s.web.servlet.PageNotFound             : No endpoint OPTIONS /api/books.
2025-05-30T09:56:15.135+09:00  WARN 2704 --- [t8.backend] [http-nio-8080-exec-10] o.s.web.servlet.PageNotFound             : No mapping for OPTIONS /api/books
2025-05-30T09:56:15.136+09:00  WARN 2704 --- [t8.backend] [http-nio-8080-exec-10] o.s.web.servlet.PageNotFound             : No endpoint OPTIONS /api/books.
2025-05-30T10:00:14.754+09:00  WARN 2704 --- [t8.backend] [http-nio-8080-exec-2] .w.s.m.s.DefaultHandlerExceptionResolver : Resolved [org.springframework.web.method.annotation.MethodArgumentTypeMismatchException: Method parameter 'id': Failed to convert value of type 'java.lang.String' to required type 'java.lang.Long'; For input string: "current"]
2025-05-30T10:00:14.764+09:00  WARN 2704 --- [t8.backend] [http-nio-8080-exec-3] .w.s.m.s.DefaultHandlerExceptionResolver : Resolved [org.springframework.web.method.annotation.MethodArgumentTypeMismatchException: Method parameter 'id': Failed to convert value of type 'java.lang.String' to required type 'java.lang.Long'; For input string: "current"]
2025-05-30T10:00:20.124+09:00  WARN 2704 --- [t8.backend] [http-nio-8080-exec-4] .w.s.m.s.DefaultHandlerExceptionResolver : Resolved [org.springframework.web.method.annotation.MethodArgumentTypeMismatchException: Method parameter 'id': Failed to convert value of type 'java.lang.String' to required type 'java.lang.Long'; For input string: "current"]
2025-05-30T10:00:25.117+09:00  WARN 2704 --- [t8.backend] [http-nio-8080-exec-5] .w.s.m.s.DefaultHandlerExceptionResolver : Resolved [org.springframework.web.method.annotation.MethodArgumentTypeMismatchException: Method parameter 'id': Failed to convert value of type 'java.lang.String' to required type 'java.lang.Long'; For input string: "current"]
2025-05-30T10:00:30.125+09:00  WARN 2704 --- [t8.backend] [http-nio-8080-exec-6] .w.s.m.s.DefaultHandlerExceptionResolver : Resolved [org.springframework.web.method.annotation.MethodArgumentTypeMismatchException: Method parameter 'id': Failed to convert value of type 'java.lang.String' to required type 'java.lang.Long'; For input string: "current"]
2025-05-30T10:00:35.122+09:00  WARN 2704 --- [t8.backend] [http-nio-8080-exec-7] .w.s.m.s.DefaultHandlerExceptionResolver : Resolved [org.springframework.web.method.annotation.MethodArgumentTypeMismatchException: Method parameter 'id': Failed to convert value of type 'java.lang.String' to required type 'java.lang.Long'; For input string: "current"]
2025-05-30T10:00:40.110+09:00  WARN 2704 --- [t8.backend] [http-nio-8080-exec-8] .w.s.m.s.DefaultHandlerExceptionResolver : Resolved [org.springframework.web.method.annotation.MethodArgumentTypeMismatchException: Method parameter 'id': Failed to convert value of type 'java.lang.String' to required type 'java.lang.Long'; For input string: "current"]
2025-05-30T10:00:45.120+09:00  WARN 2704 --- [t8.backend] [http-nio-8080-exec-9] .w.s.m.s.DefaultHandlerExceptionResolver : Resolved [org.springframework.web.method.annotation.MethodArgumentTypeMismatchException: Method parameter 'id': Failed to convert value of type 'java.lang.String' to required type 'java.lang.Long'; For input string: "current"]
2025-05-30T10:00:50.122+09:00  WARN 2704 --- [t8.backend] [http-nio-8080-exec-10] .w.s.m.s.DefaultHandlerExceptionResolver : Resolved [org.springframework.web.method.annotation.MethodArgumentTypeMismatchException: Method parameter 'id': Failed to convert value of type 'java.lang.String' to required type 'java.lang.Long'; For input string: "current"]
2025-05-30T10:00:55.116+09:00  WARN 2704 --- [t8.backend] [http-nio-8080-exec-1] .w.s.m.s.DefaultHandlerExceptionResolver : Resolved [org.springframework.web.method.annotation.MethodArgumentTypeMismatchException: Method parameter 'id': Failed to convert value of type 'java.lang.String' to required type 'java.lang.Long'; For input string: "current"]
2025-05-30T10:01:00.117+09:00  WARN 2704 --- [t8.backend] [http-nio-8080-exec-2] .w.s.m.s.DefaultHandlerExceptionResolver : Resolved [org.springframework.web.method.annotation.MethodArgumentTypeMismatchException: Method parameter 'id': Failed to convert value of type 'java.lang.String' to required type 'java.lang.Long'; For input string: "current"]
2025-05-30T10:01:05.120+09:00  WARN 2704 --- [t8.backend] [http-nio-8080-exec-3] .w.s.m.s.DefaultHandlerExceptionResolver : Resolved [org.springframework.web.method.annotation.MethodArgumentTypeMismatchException: Method parameter 'id': Failed to convert value of type 'java.lang.String' to required type 'java.lang.Long'; For input string: "current"]
2025-05-30T10:01:10.108+09:00  WARN 2704 --- [t8.backend] [http-nio-8080-exec-4] .w.s.m.s.DefaultHandlerExceptionResolver : Resolved [org.springframework.web.method.annotation.MethodArgumentTypeMismatchException: Method parameter 'id': Failed to convert value of type 'java.lang.String' to required type 'java.lang.Long'; For input string: "current"]
2025-05-30T10:01:15.112+09:00  WARN 2704 --- [t8.backend] [http-nio-8080-exec-5] .w.s.m.s.DefaultHandlerExceptionResolver : Resolved [org.springframework.web.method.annotation.MethodArgumentTypeMismatchException: Method parameter 'id': Failed to convert value of type 'java.lang.String' to required type 'java.lang.Long'; For input string: "current"]
2025-05-30T10:02:00.116+09:00  WARN 2704 --- [t8.backend] [http-nio-8080-exec-6] .w.s.m.s.DefaultHandlerExceptionResolver : Resolved [org.springframework.web.method.annotation.MethodArgumentTypeMismatchException: Method parameter 'id': Failed to convert value of type 'java.lang.String' to required type 'java.lang.Long'; For input string: "current"]
2025-05-30T10:02:03.200+09:00  WARN 2704 --- [t8.backend] [http-nio-8080-exec-7] .w.s.m.s.DefaultHandlerExceptionResolver : Resolved [org.springframework.web.method.annotation.MethodArgumentTypeMismatchException: Method parameter 'id': Failed to convert value of type 'java.lang.String' to required type 'java.lang.Long'; For input string: "current"]
2025-05-30T10:02:03.211+09:00  WARN 2704 --- [t8.backend] [http-nio-8080-exec-8] .w.s.m.s.DefaultHandlerExceptionResolver : Resolved [org.springframework.web.method.annotation.MethodArgumentTypeMismatchException: Method parameter 'id': Failed to convert value of type 'java.lang.String' to required type 'java.lang.Long'; For input string: "current"]
2025-05-30T10:02:08.205+09:00  WARN 2704 --- [t8.backend] [http-nio-8080-exec-9] .w.s.m.s.DefaultHandlerExceptionResolver : Resolved [org.springframework.web.method.annotation.MethodArgumentTypeMismatchException: Method parameter 'id': Failed to convert value of type 'java.lang.String' to required type 'java.lang.Long'; For input string: "current"]
2025-05-30T10:03:00.121+09:00  WARN 2704 --- [t8.backend] [http-nio-8080-exec-1] .w.s.m.s.DefaultHandlerExceptionResolver : Resolved [org.springframework.web.method.annotation.MethodArgumentTypeMismatchException: Method parameter 'id': Failed to convert value of type 'java.lang.String' to required type 'java.lang.Long'; For input string: "current"]
2025-05-30T10:04:00.124+09:00  WARN 2704 --- [t8.backend] [http-nio-8080-exec-3] .w.s.m.s.DefaultHandlerExceptionResolver : Resolved [org.springframework.web.method.annotation.MethodArgumentTypeMismatchException: Method parameter 'id': Failed to convert value of type 'java.lang.String' to required type 'java.lang.Long'; For input string: "current"]
2025-05-30T10:05:00.121+09:00  WARN 2704 --- [t8.backend] [http-nio-8080-exec-4] .w.s.m.s.DefaultHandlerExceptionResolver : Resolved [org.springframework.web.method.annotation.MethodArgumentTypeMismatchException: Method parameter 'id': Failed to convert value of type 'java.lang.String' to required type 'java.lang.Long'; For input string: "current"]
2025-05-30T10:06:00.114+09:00  WARN 2704 --- [t8.backend] [http-nio-8080-exec-5] .w.s.m.s.DefaultHandlerExceptionResolver : Resolved [org.springframework.web.method.annotation.MethodArgumentTypeMismatchException: Method parameter 'id': Failed to convert value of type 'java.lang.String' to required type 'java.lang.Long'; For input string: "current"]
2025-05-30T10:07:00.115+09:00  WARN 2704 --- [t8.backend] [http-nio-8080-exec-6] .w.s.m.s.DefaultHandlerExceptionResolver : Resolved [org.springframework.web.method.annotation.MethodArgumentTypeMismatchException: Method parameter 'id': Failed to convert value of type 'java.lang.String' to required type 'java.lang.Long'; For input string: "current"]
2025-05-30T10:08:00.125+09:00  WARN 2704 --- [t8.backend] [http-nio-8080-exec-7] .w.s.m.s.DefaultHandlerExceptionResolver : Resolved [org.springframework.web.method.annotation.MethodArgumentTypeMismatchException: Method parameter 'id': Failed to convert value of type 'java.lang.String' to required type 'java.lang.Long'; For input string: "current"]
2025-05-30T10:08:08.875+09:00  WARN 2704 --- [t8.backend] [http-nio-8080-exec-8] .w.s.m.s.DefaultHandlerExceptionResolver : Resolved [org.springframework.web.method.annotation.MethodArgumentTypeMismatchException: Method parameter 'id': Failed to convert value of type 'java.lang.String' to required type 'java.lang.Long'; For input string: "current"]
2025-05-30T10:08:09.734+09:00  WARN 2704 --- [t8.backend] [http-nio-8080-exec-9] .w.s.m.s.DefaultHandlerExceptionResolver : Resolved [org.springframework.web.method.annotation.MethodArgumentTypeMismatchException: Method parameter 'id': Failed to convert value of type 'java.lang.String' to required type 'java.lang.Long'; For input string: "current"]
2025-05-30T10:08:14.718+09:00  WARN 2704 --- [t8.backend] [http-nio-8080-exec-10] .w.s.m.s.DefaultHandlerExceptionResolver : Resolved [org.springframework.web.method.annotation.MethodArgumentTypeMismatchException: Method parameter 'id': Failed to convert value of type 'java.lang.String' to required type 'java.lang.Long'; For input string: "current"]
2025-05-30T10:08:19.726+09:00  WARN 2704 --- [t8.backend] [http-nio-8080-exec-1] .w.s.m.s.DefaultHandlerExceptionResolver : Resolved [org.springframework.web.method.annotation.MethodArgumentTypeMismatchException: Method parameter 'id': Failed to convert value of type 'java.lang.String' to required type 'java.lang.Long'; For input string: "current"]
2025-05-30T10:08:24.731+09:00  WARN 2704 --- [t8.backend] [http-nio-8080-exec-2] .w.s.m.s.DefaultHandlerExceptionResolver : Resolved [org.springframework.web.method.annotation.MethodArgumentTypeMismatchException: Method parameter 'id': Failed to convert value of type 'java.lang.String' to required type 'java.lang.Long'; For input string: "current"]
2025-05-30T10:08:29.727+09:00  WARN 2704 --- [t8.backend] [http-nio-8080-exec-3] .w.s.m.s.DefaultHandlerExceptionResolver : Resolved [org.springframework.web.method.annotation.MethodArgumentTypeMismatchException: Method parameter 'id': Failed to convert value of type 'java.lang.String' to required type 'java.lang.Long'; For input string: "current"]
2025-05-30T10:08:34.728+09:00  WARN 2704 --- [t8.backend] [http-nio-8080-exec-4] .w.s.m.s.DefaultHandlerExceptionResolver : Resolved [org.springframework.web.method.annotation.MethodArgumentTypeMismatchException: Method parameter 'id': Failed to convert value of type 'java.lang.String' to required type 'java.lang.Long'; For input string: "current"]
2025-05-30T10:08:39.732+09:00  WARN 2704 --- [t8.backend] [http-nio-8080-exec-5] .w.s.m.s.DefaultHandlerExceptionResolver : Resolved [org.springframework.web.method.annotation.MethodArgumentTypeMismatchException: Method parameter 'id': Failed to convert value of type 'java.lang.String' to required type 'java.lang.Long'; For input string: "current"]
2025-05-30T10:08:44.730+09:00  WARN 2704 --- [t8.backend] [http-nio-8080-exec-6] .w.s.m.s.DefaultHandlerExceptionResolver : Resolved [org.springframework.web.method.annotation.MethodArgumentTypeMismatchException: Method parameter 'id': Failed to convert value of type 'java.lang.String' to required type 'java.lang.Long'; For input string: "current"]
2025-05-30T10:08:49.730+09:00  WARN 2704 --- [t8.backend] [http-nio-8080-exec-7] .w.s.m.s.DefaultHandlerExceptionResolver : Resolved [org.springframework.web.method.annotation.MethodArgumentTypeMismatchException: Method parameter 'id': Failed to convert value of type 'java.lang.String' to required type 'java.lang.Long'; For input string: "current"]
2025-05-30T10:08:54.732+09:00  WARN 2704 --- [t8.backend] [http-nio-8080-exec-8] .w.s.m.s.DefaultHandlerExceptionResolver : Resolved [org.springframework.web.method.annotation.MethodArgumentTypeMismatchException: Method parameter 'id': Failed to convert value of type 'java.lang.String' to required type 'java.lang.Long'; For input string: "current"]
2025-05-30T10:08:59.730+09:00  WARN 2704 --- [t8.backend] [http-nio-8080-exec-9] .w.s.m.s.DefaultHandlerExceptionResolver : Resolved [org.springframework.web.method.annotation.MethodArgumentTypeMismatchException: Method parameter 'id': Failed to convert value of type 'java.lang.String' to required type 'java.lang.Long'; For input string: "current"]
2025-05-30T10:09:04.731+09:00  WARN 2704 --- [t8.backend] [http-nio-8080-exec-10] .w.s.m.s.DefaultHandlerExceptionResolver : Resolved [org.springframework.web.method.annotation.MethodArgumentTypeMismatchException: Method parameter 'id': Failed to convert value of type 'java.lang.String' to required type 'java.lang.Long'; For input string: "current"]
2025-05-30T10:09:09.722+09:00  WARN 2704 --- [t8.backend] [http-nio-8080-exec-1] .w.s.m.s.DefaultHandlerExceptionResolver : Resolved [org.springframework.web.method.annotation.MethodArgumentTypeMismatchException: Method parameter 'id': Failed to convert value of type 'java.lang.String' to required type 'java.lang.Long'; For input string: "current"]
2025-05-30T10:09:14.726+09:00  WARN 2704 --- [t8.backend] [http-nio-8080-exec-2] .w.s.m.s.DefaultHandlerExceptionResolver : Resolved [org.springframework.web.method.annotation.MethodArgumentTypeMismatchException: Method parameter 'id': Failed to convert value of type 'java.lang.String' to required type 'java.lang.Long'; For input string: "current"]
2025-05-30T10:09:19.732+09:00  WARN 2704 --- [t8.backend] [http-nio-8080-exec-3] .w.s.m.s.DefaultHandlerExceptionResolver : Resolved [org.springframework.web.method.annotation.MethodArgumentTypeMismatchException: Method parameter 'id': Failed to convert value of type 'java.lang.String' to required type 'java.lang.Long'; For input string: "current"]
2025-05-30T10:09:24.729+09:00  WARN 2704 --- [t8.backend] [http-nio-8080-exec-4] .w.s.m.s.DefaultHandlerExceptionResolver : Resolved [org.springframework.web.method.annotation.MethodArgumentTypeMismatchException: Method parameter 'id': Failed to convert value of type 'java.lang.String' to required type 'java.lang.Long'; For input string: "current"]
2025-05-30T10:09:29.730+09:00  WARN 2704 --- [t8.backend] [http-nio-8080-exec-5] .w.s.m.s.DefaultHandlerExceptionResolver : Resolved [org.springframework.web.method.annotation.MethodArgumentTypeMismatchException: Method parameter 'id': Failed to convert value of type 'java.lang.String' to required type 'java.lang.Long'; For input string: "current"]
2025-05-30T10:09:34.728+09:00  WARN 2704 --- [t8.backend] [http-nio-8080-exec-6] .w.s.m.s.DefaultHandlerExceptionResolver : Resolved [org.springframework.web.method.annotation.MethodArgumentTypeMismatchException: Method parameter 'id': Failed to convert value of type 'java.lang.String' to required type 'java.lang.Long'; For input string: "current"]
2025-05-30T10:09:39.733+09:00  WARN 2704 --- [t8.backend] [http-nio-8080-exec-7] .w.s.m.s.DefaultHandlerExceptionResolver : Resolved [org.springframework.web.method.annotation.MethodArgumentTypeMismatchException: Method parameter 'id': Failed to convert value of type 'java.lang.String' to required type 'java.lang.Long'; For input string: "current"]
2025-05-30T10:09:45.122+09:00  WARN 2704 --- [t8.backend] [http-nio-8080-exec-8] .w.s.m.s.DefaultHandlerExceptionResolver : Resolved [org.springframework.web.method.annotation.MethodArgumentTypeMismatchException: Method parameter 'id': Failed to convert value of type 'java.lang.String' to required type 'java.lang.Long'; For input string: "current"]
2025-05-30T10:09:50.372+09:00  INFO 2704 --- [t8.backend] [SpringApplicationShutdownHook] j.LocalContainerEntityManagerFactoryBean : Closing JPA EntityManagerFactory for persistence unit 'default'
2025-05-30T10:09:50.392+09:00  INFO 2704 --- [t8.backend] [SpringApplicationShutdownHook] com.zaxxer.hikari.HikariDataSource       : HikariPool-1 - Shutdown initiated...
2025-05-30T10:09:50.396+09:00  INFO 2704 --- [t8.backend] [SpringApplicationShutdownHook] com.zaxxer.hikari.HikariDataSource       : HikariPool-1 - Shutdown completed.
2025-05-30T10:30:42.526+09:00  INFO 14576 --- [t8.backend] [main] com.t8.backend.t8.backend.Application    : Starting Application using Java 17.0.2 with PID 14576 (C:\mybackend\Backend_T8\target\classes started by user in C:\mybackend\Backend_T8)
2025-05-30T10:30:42.543+09:00  INFO 14576 --- [t8.backend] [main] com.t8.backend.t8.backend.Application    : No active profile set, falling back to 1 default profile: "default"
2025-05-30T10:30:45.743+09:00  INFO 14576 --- [t8.backend] [main] .s.d.r.c.RepositoryConfigurationDelegate : Bootstrapping Spring Data JPA repositories in DEFAULT mode.
2025-05-30T10:30:45.906+09:00  INFO 14576 --- [t8.backend] [main] .s.d.r.c.RepositoryConfigurationDelegate : Finished Spring Data repository scanning in 154 ms. Found 6 JPA repository interfaces.
2025-05-30T10:30:49.511+09:00  INFO 14576 --- [t8.backend] [main] o.s.b.w.embedded.tomcat.TomcatWebServer  : Tomcat initialized with port 8080 (http)
2025-05-30T10:30:49.566+09:00  INFO 14576 --- [t8.backend] [main] o.apache.catalina.core.StandardService   : Starting service [Tomcat]
2025-05-30T10:30:49.568+09:00  INFO 14576 --- [t8.backend] [main] o.apache.catalina.core.StandardEngine    : Starting Servlet engine: [Apache Tomcat/10.1.41]
2025-05-30T10:30:49.857+09:00  INFO 14576 --- [t8.backend] [main] o.a.c.c.C.[Tomcat].[localhost].[/]       : Initializing Spring embedded WebApplicationContext
2025-05-30T10:30:49.858+09:00  INFO 14576 --- [t8.backend] [main] w.s.c.ServletWebServerApplicationContext : Root WebApplicationContext: initialization completed in 7159 ms
2025-05-30T10:30:50.630+09:00  INFO 14576 --- [t8.backend] [main] com.zaxxer.hikari.HikariDataSource       : HikariPool-1 - Starting...
2025-05-30T10:30:51.630+09:00  INFO 14576 --- [t8.backend] [main] com.zaxxer.hikari.pool.HikariPool        : HikariPool-1 - Added connection conn0: url=jdbc:h2:mem:2356cc44-38d6-4456-a51f-13d08850e428 user=SA
2025-05-30T10:30:51.637+09:00  INFO 14576 --- [t8.backend] [main] com.zaxxer.hikari.HikariDataSource       : HikariPool-1 - Start completed.
2025-05-30T10:30:51.965+09:00  INFO 14576 --- [t8.backend] [main] o.hibernate.jpa.internal.util.LogHelper  : HHH000204: Processing PersistenceUnitInfo [name: default]
2025-05-30T10:30:52.443+09:00  INFO 14576 --- [t8.backend] [main] org.hibernate.Version                    : HHH000412: Hibernate ORM core version 6.5.3.Final
2025-05-30T10:30:52.649+09:00  INFO 14576 --- [t8.backend] [main] o.h.c.internal.RegionFactoryInitiator    : HHH000026: Second-level cache disabled
2025-05-30T10:30:54.516+09:00  INFO 14576 --- [t8.backend] [main] o.s.o.j.p.SpringPersistenceUnitInfo      : No LoadTimeWeaver setup: ignoring JPA class transformer
2025-05-30T10:30:59.834+09:00  INFO 14576 --- [t8.backend] [main] o.h.e.t.j.p.i.JtaPlatformInitiator       : HHH000489: No JTA platform available (set 'hibernate.transaction.jta.platform' to enable JTA platform integration)
2025-05-30T10:31:00.040+09:00  INFO 14576 --- [t8.backend] [main] j.LocalContainerEntityManagerFactoryBean : Initialized JPA EntityManagerFactory for persistence unit 'default'
2025-05-30T10:31:01.902+09:00  WARN 14576 --- [t8.backend] [main] JpaBaseConfiguration$JpaWebConfiguration : spring.jpa.open-in-view is enabled by default. Therefore, database queries may be performed during view rendering. Explicitly configure spring.jpa.open-in-view to disable this warning
2025-05-30T10:31:05.245+09:00  INFO 14576 --- [t8.backend] [main] o.s.b.w.embedded.tomcat.TomcatWebServer  : Tomcat started on port 8080 (http) with context path '/'
2025-05-30T10:31:05.296+09:00  INFO 14576 --- [t8.backend] [main] com.t8.backend.t8.backend.Application    : Started Application in 24.033 seconds (process running for 24.932)
2025-05-30T10:32:00.250+09:00  INFO 14576 --- [t8.backend] [http-nio-8080-exec-1] o.a.c.c.C.[Tomcat].[localhost].[/]       : Initializing Spring DispatcherServlet 'dispatcherServlet'
2025-05-30T10:32:00.251+09:00  INFO 14576 --- [t8.backend] [http-nio-8080-exec-1] o.s.web.servlet.DispatcherServlet        : Initializing Servlet 'dispatcherServlet'
2025-05-30T10:32:00.256+09:00  INFO 14576 --- [t8.backend] [http-nio-8080-exec-1] o.s.web.servlet.DispatcherServlet        : Completed initialization in 5 ms
2025-05-30T10:32:00.392+09:00  WARN 14576 --- [t8.backend] [http-nio-8080-exec-1] .w.s.m.s.DefaultHandlerExceptionResolver : Resolved [org.springframework.web.method.annotation.MethodArgumentTypeMismatchException: Method parameter 'id': Failed to convert value of type 'java.lang.String' to required type 'java.lang.Long'; For input string: "current"]
2025-05-30T10:32:38.428+09:00  INFO 14576 --- [t8.backend] [SpringApplicationShutdownHook] j.LocalContainerEntityManagerFactoryBean : Closing JPA EntityManagerFactory for persistence unit 'default'
2025-05-30T10:32:38.448+09:00  INFO 14576 --- [t8.backend] [SpringApplicationShutdownHook] com.zaxxer.hikari.HikariDataSource       : HikariPool-1 - Shutdown initiated...
2025-05-30T10:32:38.458+09:00  INFO 14576 --- [t8.backend] [SpringApplicationShutdownHook] com.zaxxer.hikari.HikariDataSource       : HikariPool-1 - Shutdown completed.
2025-05-30T10:32:48.176+09:00  INFO 19428 --- [t8.backend] [main] com.t8.backend.t8.backend.Application    : Starting Application using Java 17.0.2 with PID 19428 (C:\mybackend\Backend_T8\target\classes started by user in C:\mybackend\Backend_T8)
2025-05-30T10:32:48.197+09:00  INFO 19428 --- [t8.backend] [main] com.t8.backend.t8.backend.Application    : No active profile set, falling back to 1 default profile: "default"
2025-05-30T10:32:51.981+09:00  INFO 19428 --- [t8.backend] [main] .s.d.r.c.RepositoryConfigurationDelegate : Bootstrapping Spring Data JPA repositories in DEFAULT mode.
2025-05-30T10:32:52.213+09:00  INFO 19428 --- [t8.backend] [main] .s.d.r.c.RepositoryConfigurationDelegate : Finished Spring Data repository scanning in 212 ms. Found 6 JPA repository interfaces.
2025-05-30T10:32:55.176+09:00  INFO 19428 --- [t8.backend] [main] o.s.b.w.embedded.tomcat.TomcatWebServer  : Tomcat initialized with port 8080 (http)
2025-05-30T10:32:55.209+09:00  INFO 19428 --- [t8.backend] [main] o.apache.catalina.core.StandardService   : Starting service [Tomcat]
2025-05-30T10:32:55.209+09:00  INFO 19428 --- [t8.backend] [main] o.apache.catalina.core.StandardEngine    : Starting Servlet engine: [Apache Tomcat/10.1.41]
2025-05-30T10:32:55.390+09:00  INFO 19428 --- [t8.backend] [main] o.a.c.c.C.[Tomcat].[localhost].[/]       : Initializing Spring embedded WebApplicationContext
2025-05-30T10:32:55.394+09:00  INFO 19428 --- [t8.backend] [main] w.s.c.ServletWebServerApplicationContext : Root WebApplicationContext: initialization completed in 7039 ms
2025-05-30T10:32:56.558+09:00  INFO 19428 --- [t8.backend] [main] com.zaxxer.hikari.HikariDataSource       : HikariPool-1 - Starting...
2025-05-30T10:32:57.548+09:00  INFO 19428 --- [t8.backend] [main] com.zaxxer.hikari.pool.HikariPool        : HikariPool-1 - Added connection conn0: url=jdbc:h2:mem:c3d7242b-a451-4f69-bad2-b7b05831f04d user=SA
2025-05-30T10:32:57.556+09:00  INFO 19428 --- [t8.backend] [main] com.zaxxer.hikari.HikariDataSource       : HikariPool-1 - Start completed.
2025-05-30T10:32:57.768+09:00  INFO 19428 --- [t8.backend] [main] o.hibernate.jpa.internal.util.LogHelper  : HHH000204: Processing PersistenceUnitInfo [name: default]
2025-05-30T10:32:58.100+09:00  INFO 19428 --- [t8.backend] [main] org.hibernate.Version                    : HHH000412: Hibernate ORM core version 6.5.3.Final
2025-05-30T10:32:58.287+09:00  INFO 19428 --- [t8.backend] [main] o.h.c.internal.RegionFactoryInitiator    : HHH000026: Second-level cache disabled
2025-05-30T10:32:59.836+09:00  INFO 19428 --- [t8.backend] [main] o.s.o.j.p.SpringPersistenceUnitInfo      : No LoadTimeWeaver setup: ignoring JPA class transformer
2025-05-30T10:33:05.007+09:00  INFO 19428 --- [t8.backend] [main] o.h.e.t.j.p.i.JtaPlatformInitiator       : HHH000489: No JTA platform available (set 'hibernate.transaction.jta.platform' to enable JTA platform integration)
2025-05-30T10:33:05.253+09:00  INFO 19428 --- [t8.backend] [main] j.LocalContainerEntityManagerFactoryBean : Initialized JPA EntityManagerFactory for persistence unit 'default'
2025-05-30T10:33:06.860+09:00  WARN 19428 --- [t8.backend] [main] JpaBaseConfiguration$JpaWebConfiguration : spring.jpa.open-in-view is enabled by default. Therefore, database queries may be performed during view rendering. Explicitly configure spring.jpa.open-in-view to disable this warning
2025-05-30T10:33:09.541+09:00  INFO 19428 --- [t8.backend] [main] o.s.b.w.embedded.tomcat.TomcatWebServer  : Tomcat started on port 8080 (http) with context path '/'
2025-05-30T10:33:09.600+09:00  INFO 19428 --- [t8.backend] [main] com.t8.backend.t8.backend.Application    : Started Application in 22.706 seconds (process running for 23.559)
2025-05-30T10:33:40.868+09:00  INFO 12384 --- [t8.backend] [main] c.t.b.t.b.entity.ReservationEntityTest   : Starting ReservationEntityTest using Java 17.0.2 with PID 12384 (started by user in C:\mybackend\Backend_T8)
2025-05-30T10:33:40.870+09:00  INFO 12384 --- [t8.backend] [main] c.t.b.t.b.entity.ReservationEntityTest   : The following 1 profile is active: "prod"
2025-05-30T10:33:42.901+09:00  INFO 12384 --- [t8.backend] [main] .s.d.r.c.RepositoryConfigurationDelegate : Bootstrapping Spring Data JPA repositories in DEFAULT mode.
2025-05-30T10:33:43.077+09:00  INFO 12384 --- [t8.backend] [main] .s.d.r.c.RepositoryConfigurationDelegate : Finished Spring Data repository scanning in 161 ms. Found 6 JPA repository interfaces.
2025-05-30T10:33:44.759+09:00  INFO 12384 --- [t8.backend] [main] o.hibernate.jpa.internal.util.LogHelper  : HHH000204: Processing PersistenceUnitInfo [name: default]
2025-05-30T10:33:45.063+09:00  INFO 12384 --- [t8.backend] [main] org.hibernate.Version                    : HHH000412: Hibernate ORM core version 6.5.3.Final
2025-05-30T10:33:45.170+09:00  INFO 12384 --- [t8.backend] [main] o.h.c.internal.RegionFactoryInitiator    : HHH000026: Second-level cache disabled
2025-05-30T10:33:46.075+09:00  INFO 12384 --- [t8.backend] [main] o.s.o.j.p.SpringPersistenceUnitInfo      : No LoadTimeWeaver setup: ignoring JPA class transformer
2025-05-30T10:33:46.176+09:00  INFO 12384 --- [t8.backend] [main] com.zaxxer.hikari.HikariDataSource       : HikariPool-1 - Starting...
2025-05-30T10:33:46.369+09:00  INFO 12384 --- [t8.backend] [main] com.zaxxer.hikari.pool.HikariPool        : HikariPool-1 - Added connection org.mariadb.jdbc.Connection@4751cd3
2025-05-30T10:33:46.373+09:00  INFO 12384 --- [t8.backend] [main] com.zaxxer.hikari.HikariDataSource       : HikariPool-1 - Start completed.
2025-05-30T10:33:46.411+09:00  WARN 12384 --- [t8.backend] [main] org.hibernate.orm.deprecation            : HHH90000025: MariaDBDialect does not need to be specified explicitly using 'hibernate.dialect' (remove the property setting and it will be selected by default)
2025-05-30T10:33:48.483+09:00  INFO 12384 --- [t8.backend] [main] o.h.e.t.j.p.i.JtaPlatformInitiator       : HHH000489: No JTA platform available (set 'hibernate.transaction.jta.platform' to enable JTA platform integration)
2025-05-30T10:33:48.738+09:00  INFO 12384 --- [t8.backend] [main] j.LocalContainerEntityManagerFactoryBean : Initialized JPA EntityManagerFactory for persistence unit 'default'
2025-05-30T10:33:49.771+09:00  WARN 12384 --- [t8.backend] [main] JpaBaseConfiguration$JpaWebConfiguration : spring.jpa.open-in-view is enabled by default. Therefore, database queries may be performed during view rendering. Explicitly configure spring.jpa.open-in-view to disable this warning
2025-05-30T10:33:52.343+09:00  INFO 12384 --- [t8.backend] [main] c.t.b.t.b.entity.ReservationEntityTest   : Started ReservationEntityTest in 12.283 seconds (process running for 14.815)
2025-05-30T10:33:53.688+09:00  INFO 12384 --- [t8.backend] [SpringApplicationShutdownHook] j.LocalContainerEntityManagerFactoryBean : Closing JPA EntityManagerFactory for persistence unit 'default'
2025-05-30T10:33:53.692+09:00  INFO 12384 --- [t8.backend] [SpringApplicationShutdownHook] com.zaxxer.hikari.HikariDataSource       : HikariPool-1 - Shutdown initiated...
2025-05-30T10:33:53.701+09:00  INFO 12384 --- [t8.backend] [SpringApplicationShutdownHook] com.zaxxer.hikari.HikariDataSource       : HikariPool-1 - Shutdown completed.
2025-05-30T10:34:00.182+09:00  INFO 19428 --- [t8.backend] [http-nio-8080-exec-1] o.a.c.c.C.[Tomcat].[localhost].[/]       : Initializing Spring DispatcherServlet 'dispatcherServlet'
2025-05-30T10:34:00.183+09:00  INFO 19428 --- [t8.backend] [http-nio-8080-exec-1] o.s.web.servlet.DispatcherServlet        : Initializing Servlet 'dispatcherServlet'
2025-05-30T10:34:00.183+09:00  INFO 19428 --- [t8.backend] [http-nio-8080-exec-1] o.s.web.servlet.DispatcherServlet        : Completed initialization in 0 ms
2025-05-30T10:34:00.268+09:00  WARN 19428 --- [t8.backend] [http-nio-8080-exec-1] .w.s.m.s.DefaultHandlerExceptionResolver : Resolved [org.springframework.web.method.annotation.MethodArgumentTypeMismatchException: Method parameter 'id': Failed to convert value of type 'java.lang.String' to required type 'java.lang.Long'; For input string: "current"]
2025-05-30T10:35:00.126+09:00  WARN 19428 --- [t8.backend] [http-nio-8080-exec-2] .w.s.m.s.DefaultHandlerExceptionResolver : Resolved [org.springframework.web.method.annotation.MethodArgumentTypeMismatchException: Method parameter 'id': Failed to convert value of type 'java.lang.String' to required type 'java.lang.Long'; For input string: "current"]
2025-05-30T10:36:00.126+09:00  WARN 19428 --- [t8.backend] [http-nio-8080-exec-3] .w.s.m.s.DefaultHandlerExceptionResolver : Resolved [org.springframework.web.method.annotation.MethodArgumentTypeMismatchException: Method parameter 'id': Failed to convert value of type 'java.lang.String' to required type 'java.lang.Long'; For input string: "current"]
2025-05-30T10:37:00.125+09:00  WARN 19428 --- [t8.backend] [http-nio-8080-exec-4] .w.s.m.s.DefaultHandlerExceptionResolver : Resolved [org.springframework.web.method.annotation.MethodArgumentTypeMismatchException: Method parameter 'id': Failed to convert value of type 'java.lang.String' to required type 'java.lang.Long'; For input string: "current"]
2025-05-30T10:38:00.113+09:00  WARN 19428 --- [t8.backend] [http-nio-8080-exec-5] .w.s.m.s.DefaultHandlerExceptionResolver : Resolved [org.springframework.web.method.annotation.MethodArgumentTypeMismatchException: Method parameter 'id': Failed to convert value of type 'java.lang.String' to required type 'java.lang.Long'; For input string: "current"]
2025-05-30T10:39:00.126+09:00  WARN 19428 --- [t8.backend] [http-nio-8080-exec-6] .w.s.m.s.DefaultHandlerExceptionResolver : Resolved [org.springframework.web.method.annotation.MethodArgumentTypeMismatchException: Method parameter 'id': Failed to convert value of type 'java.lang.String' to required type 'java.lang.Long'; For input string: "current"]
2025-05-30T10:40:00.126+09:00  WARN 19428 --- [t8.backend] [http-nio-8080-exec-7] .w.s.m.s.DefaultHandlerExceptionResolver : Resolved [org.springframework.web.method.annotation.MethodArgumentTypeMismatchException: Method parameter 'id': Failed to convert value of type 'java.lang.String' to required type 'java.lang.Long'; For input string: "current"]
2025-05-30T10:41:00.123+09:00  WARN 19428 --- [t8.backend] [http-nio-8080-exec-8] .w.s.m.s.DefaultHandlerExceptionResolver : Resolved [org.springframework.web.method.annotation.MethodArgumentTypeMismatchException: Method parameter 'id': Failed to convert value of type 'java.lang.String' to required type 'java.lang.Long'; For input string: "current"]
2025-05-30T10:42:00.123+09:00  WARN 19428 --- [t8.backend] [http-nio-8080-exec-9] .w.s.m.s.DefaultHandlerExceptionResolver : Resolved [org.springframework.web.method.annotation.MethodArgumentTypeMismatchException: Method parameter 'id': Failed to convert value of type 'java.lang.String' to required type 'java.lang.Long'; For input string: "current"]
2025-05-30T10:43:00.123+09:00  WARN 19428 --- [t8.backend] [http-nio-8080-exec-10] .w.s.m.s.DefaultHandlerExceptionResolver : Resolved [org.springframework.web.method.annotation.MethodArgumentTypeMismatchException: Method parameter 'id': Failed to convert value of type 'java.lang.String' to required type 'java.lang.Long'; For input string: "current"]
2025-05-30T10:44:00.111+09:00  WARN 19428 --- [t8.backend] [http-nio-8080-exec-1] .w.s.m.s.DefaultHandlerExceptionResolver : Resolved [org.springframework.web.method.annotation.MethodArgumentTypeMismatchException: Method parameter 'id': Failed to convert value of type 'java.lang.String' to required type 'java.lang.Long'; For input string: "current"]
2025-05-30T10:45:00.121+09:00  WARN 19428 --- [t8.backend] [http-nio-8080-exec-2] .w.s.m.s.DefaultHandlerExceptionResolver : Resolved [org.springframework.web.method.annotation.MethodArgumentTypeMismatchException: Method parameter 'id': Failed to convert value of type 'java.lang.String' to required type 'java.lang.Long'; For input string: "current"]
2025-05-30T10:46:00.115+09:00  WARN 19428 --- [t8.backend] [http-nio-8080-exec-3] .w.s.m.s.DefaultHandlerExceptionResolver : Resolved [org.springframework.web.method.annotation.MethodArgumentTypeMismatchException: Method parameter 'id': Failed to convert value of type 'java.lang.String' to required type 'java.lang.Long'; For input string: "current"]
2025-05-30T10:47:00.122+09:00  WARN 19428 --- [t8.backend] [http-nio-8080-exec-4] .w.s.m.s.DefaultHandlerExceptionResolver : Resolved [org.springframework.web.method.annotation.MethodArgumentTypeMismatchException: Method parameter 'id': Failed to convert value of type 'java.lang.String' to required type 'java.lang.Long'; For input string: "current"]
2025-05-30T10:48:00.126+09:00  WARN 19428 --- [t8.backend] [http-nio-8080-exec-5] .w.s.m.s.DefaultHandlerExceptionResolver : Resolved [org.springframework.web.method.annotation.MethodArgumentTypeMismatchException: Method parameter 'id': Failed to convert value of type 'java.lang.String' to required type 'java.lang.Long'; For input string: "current"]
2025-05-30T10:49:00.118+09:00  WARN 19428 --- [t8.backend] [http-nio-8080-exec-6] .w.s.m.s.DefaultHandlerExceptionResolver : Resolved [org.springframework.web.method.annotation.MethodArgumentTypeMismatchException: Method parameter 'id': Failed to convert value of type 'java.lang.String' to required type 'java.lang.Long'; For input string: "current"]
2025-05-30T10:50:00.125+09:00  WARN 19428 --- [t8.backend] [http-nio-8080-exec-7] .w.s.m.s.DefaultHandlerExceptionResolver : Resolved [org.springframework.web.method.annotation.MethodArgumentTypeMismatchException: Method parameter 'id': Failed to convert value of type 'java.lang.String' to required type 'java.lang.Long'; For input string: "current"]
2025-05-30T10:51:00.111+09:00  WARN 19428 --- [t8.backend] [http-nio-8080-exec-8] .w.s.m.s.DefaultHandlerExceptionResolver : Resolved [org.springframework.web.method.annotation.MethodArgumentTypeMismatchException: Method parameter 'id': Failed to convert value of type 'java.lang.String' to required type 'java.lang.Long'; For input string: "current"]
2025-05-30T10:52:00.123+09:00  WARN 19428 --- [t8.backend] [http-nio-8080-exec-9] .w.s.m.s.DefaultHandlerExceptionResolver : Resolved [org.springframework.web.method.annotation.MethodArgumentTypeMismatchException: Method parameter 'id': Failed to convert value of type 'java.lang.String' to required type 'java.lang.Long'; For input string: "current"]
2025-05-30T10:53:00.120+09:00  WARN 19428 --- [t8.backend] [http-nio-8080-exec-10] .w.s.m.s.DefaultHandlerExceptionResolver : Resolved [org.springframework.web.method.annotation.MethodArgumentTypeMismatchException: Method parameter 'id': Failed to convert value of type 'java.lang.String' to required type 'java.lang.Long'; For input string: "current"]
2025-05-30T10:54:00.114+09:00  WARN 19428 --- [t8.backend] [http-nio-8080-exec-1] .w.s.m.s.DefaultHandlerExceptionResolver : Resolved [org.springframework.web.method.annotation.MethodArgumentTypeMismatchException: Method parameter 'id': Failed to convert value of type 'java.lang.String' to required type 'java.lang.Long'; For input string: "current"]
2025-05-30T10:55:00.112+09:00  WARN 19428 --- [t8.backend] [http-nio-8080-exec-2] .w.s.m.s.DefaultHandlerExceptionResolver : Resolved [org.springframework.web.method.annotation.MethodArgumentTypeMismatchException: Method parameter 'id': Failed to convert value of type 'java.lang.String' to required type 'java.lang.Long'; For input string: "current"]
2025-05-30T10:56:00.121+09:00  WARN 19428 --- [t8.backend] [http-nio-8080-exec-3] .w.s.m.s.DefaultHandlerExceptionResolver : Resolved [org.springframework.web.method.annotation.MethodArgumentTypeMismatchException: Method parameter 'id': Failed to convert value of type 'java.lang.String' to required type 'java.lang.Long'; For input string: "current"]
2025-05-30T10:57:00.111+09:00  WARN 19428 --- [t8.backend] [http-nio-8080-exec-4] .w.s.m.s.DefaultHandlerExceptionResolver : Resolved [org.springframework.web.method.annotation.MethodArgumentTypeMismatchException: Method parameter 'id': Failed to convert value of type 'java.lang.String' to required type 'java.lang.Long'; For input string: "current"]
2025-05-30T10:58:00.116+09:00  WARN 19428 --- [t8.backend] [http-nio-8080-exec-5] .w.s.m.s.DefaultHandlerExceptionResolver : Resolved [org.springframework.web.method.annotation.MethodArgumentTypeMismatchException: Method parameter 'id': Failed to convert value of type 'java.lang.String' to required type 'java.lang.Long'; For input string: "current"]
2025-05-30T10:58:20.924+09:00  INFO 11288 --- [t8.backend] [main] c.t.b.t.b.entity.ReservationEntityTest   : Starting ReservationEntityTest using Java 17.0.2 with PID 11288 (started by user in C:\mybackend\Backend_T8)
2025-05-30T10:58:20.926+09:00  INFO 11288 --- [t8.backend] [main] c.t.b.t.b.entity.ReservationEntityTest   : The following 1 profile is active: "prod"
2025-05-30T10:58:22.488+09:00  INFO 11288 --- [t8.backend] [main] .s.d.r.c.RepositoryConfigurationDelegate : Bootstrapping Spring Data JPA repositories in DEFAULT mode.
2025-05-30T10:58:22.704+09:00  INFO 11288 --- [t8.backend] [main] .s.d.r.c.RepositoryConfigurationDelegate : Finished Spring Data repository scanning in 194 ms. Found 6 JPA repository interfaces.
2025-05-30T10:58:25.406+09:00  INFO 11288 --- [t8.backend] [main] o.hibernate.jpa.internal.util.LogHelper  : HHH000204: Processing PersistenceUnitInfo [name: default]
2025-05-30T10:58:25.574+09:00  INFO 11288 --- [t8.backend] [main] org.hibernate.Version                    : HHH000412: Hibernate ORM core version 6.5.3.Final
2025-05-30T10:58:25.679+09:00  INFO 11288 --- [t8.backend] [main] o.h.c.internal.RegionFactoryInitiator    : HHH000026: Second-level cache disabled
2025-05-30T10:58:26.888+09:00  INFO 11288 --- [t8.backend] [main] o.s.o.j.p.SpringPersistenceUnitInfo      : No LoadTimeWeaver setup: ignoring JPA class transformer
2025-05-30T10:58:27.017+09:00  INFO 11288 --- [t8.backend] [main] com.zaxxer.hikari.HikariDataSource       : HikariPool-1 - Starting...
2025-05-30T10:58:27.378+09:00  INFO 11288 --- [t8.backend] [main] com.zaxxer.hikari.pool.HikariPool        : HikariPool-1 - Added connection org.mariadb.jdbc.Connection@4dd1548e
2025-05-30T10:58:27.388+09:00  INFO 11288 --- [t8.backend] [main] com.zaxxer.hikari.HikariDataSource       : HikariPool-1 - Start completed.
2025-05-30T10:58:27.443+09:00  WARN 11288 --- [t8.backend] [main] org.hibernate.orm.deprecation            : HHH90000025: MariaDBDialect does not need to be specified explicitly using 'hibernate.dialect' (remove the property setting and it will be selected by default)
2025-05-30T10:58:29.693+09:00  INFO 11288 --- [t8.backend] [main] o.h.e.t.j.p.i.JtaPlatformInitiator       : HHH000489: No JTA platform available (set 'hibernate.transaction.jta.platform' to enable JTA platform integration)
2025-05-30T10:58:29.813+09:00  INFO 11288 --- [t8.backend] [main] j.LocalContainerEntityManagerFactoryBean : Initialized JPA EntityManagerFactory for persistence unit 'default'
2025-05-30T10:58:30.835+09:00  WARN 11288 --- [t8.backend] [main] JpaBaseConfiguration$JpaWebConfiguration : spring.jpa.open-in-view is enabled by default. Therefore, database queries may be performed during view rendering. Explicitly configure spring.jpa.open-in-view to disable this warning
2025-05-30T10:58:32.886+09:00  INFO 11288 --- [t8.backend] [SpringApplicationShutdownHook] j.LocalContainerEntityManagerFactoryBean : Closing JPA EntityManagerFactory for persistence unit 'default'
2025-05-30T10:58:32.897+09:00  INFO 11288 --- [t8.backend] [SpringApplicationShutdownHook] com.zaxxer.hikari.HikariDataSource       : HikariPool-1 - Shutdown initiated...
2025-05-30T10:58:32.910+09:00  INFO 11288 --- [t8.backend] [SpringApplicationShutdownHook] com.zaxxer.hikari.HikariDataSource       : HikariPool-1 - Shutdown completed.
2025-05-30T10:59:00.119+09:00  INFO 19428 --- [t8.backend] [SpringApplicationShutdownHook] j.LocalContainerEntityManagerFactoryBean : Closing JPA EntityManagerFactory for persistence unit 'default'
2025-05-30T10:59:00.131+09:00  INFO 19428 --- [t8.backend] [SpringApplicationShutdownHook] com.zaxxer.hikari.HikariDataSource       : HikariPool-1 - Shutdown initiated...
2025-05-30T10:59:00.135+09:00  INFO 19428 --- [t8.backend] [SpringApplicationShutdownHook] com.zaxxer.hikari.HikariDataSource       : HikariPool-1 - Shutdown completed.
